[INFO] Scanning for projects...
[INFO] 
[INFO] ---------------< com.guille.media.reproductor:powercine >---------------
[INFO] Building powercine 0.0.1
[INFO]   from pom.xml
[INFO] --------------------------------[ jar ]---------------------------------
[INFO] 
[INFO] >>> spring-boot:3.4.2:run (default-cli) > test-compile @ powercine >>>
[INFO] 
[INFO] --- resources:3.3.1:resources (default-resources) @ powercine ---
[INFO] Copying 2 resources from src/main/resources to target/classes
[INFO] Copying 4 resources from src/main/resources to target/classes
[INFO] 
[INFO] --- compiler:3.13.0:compile (default-compile) @ powercine ---
[INFO] Nothing to compile - all classes are up to date.
[INFO] 
[INFO] --- resources:3.3.1:testResources (default-testResources) @ powercine ---
[INFO] skip non existing resourceDirectory /home/piter/codes/java/spring/projects/powercine/src/test/resources
[INFO] 
[INFO] --- compiler:3.13.0:testCompile (default-testCompile) @ powercine ---
[INFO] Nothing to compile - all classes are up to date.
[INFO] 
[INFO] <<< spring-boot:3.4.2:run (default-cli) < test-compile @ powercine <<<
[INFO] 
[INFO] 
[INFO] --- spring-boot:3.4.2:run (default-cli) @ powercine ---
[INFO] Attaching agents: []

  .   ____          _            __ _ _
 /\\ / ___'_ __ _ _(_)_ __  __ _ \ \ \ \
( ( )\___ | '_ | '_| | '_ \/ _` | \ \ \ \
 \\/  ___)| |_)| | | | | || (_| |  ) ) ) )
  '  |____| .__|_| |_|_| |_\__, | / / / /
 =========|_|==============|___/=/_/_/_/

 :: Spring Boot ::                (v3.4.2)

2025-04-24T07:02:27.460-05:00  INFO 5564 --- [powercine] [  restartedMain] c.g.m.r.powercine.PowercineApplication   : Starting PowercineApplication using Java 22.0.2 with PID 5564 (/home/piter/codes/java/spring/projects/powercine/target/classes started by piter in /home/piter/codes/java/spring/projects/powercine)
2025-04-24T07:02:27.467-05:00  INFO 5564 --- [powercine] [  restartedMain] c.g.m.r.powercine.PowercineApplication   : The following 1 profile is active: "dev"
2025-04-24T07:02:27.654-05:00  INFO 5564 --- [powercine] [  restartedMain] .e.DevToolsPropertyDefaultsPostProcessor : Devtools property defaults active! Set 'spring.devtools.add-properties' to 'false' to disable
2025-04-24T07:02:27.655-05:00  INFO 5564 --- [powercine] [  restartedMain] .e.DevToolsPropertyDefaultsPostProcessor : For additional web related logging consider setting the 'logging.level.web' property to 'DEBUG'
2025-04-24T07:02:29.537-05:00  WARN 5564 --- [powercine] [  restartedMain] ConfigServletWebServerApplicationContext : Exception encountered during context initialization - cancelling refresh attempt: org.springframework.beans.factory.support.BeanDefinitionOverrideException: Invalid bean definition with name 'clientRegistrationRepository' defined in class path resource [com/guille/media/reproductor/powercine/configuration/ProjectConfig.class]: Cannot register bean definition [Root bean: class=null; scope=; abstract=false; lazyInit=null; autowireMode=3; dependencyCheck=0; autowireCandidate=true; primary=false; fallback=false; factoryBeanName=projectConfig; factoryMethodName=clientRegistrationRepository; initMethodNames=null; destroyMethodNames=[(inferred)]; defined in class path resource [com/guille/media/reproductor/powercine/configuration/ProjectConfig.class]] for bean 'clientRegistrationRepository' since there is already [Root bean: class=null; scope=; abstract=false; lazyInit=null; autowireMode=3; dependencyCheck=0; autowireCandidate=true; primary=false; fallback=false; factoryBeanName=oauth2LoginConfig; factoryMethodName=clientRegistrationRepository; initMethodNames=null; destroyMethodNames=[(inferred)]; defined in class path resource [com/guille/media/reproductor/powercine/configuration/Oauth2LoginConfig.class]] bound.
2025-04-24T07:02:29.566-05:00  INFO 5564 --- [powercine] [  restartedMain] .s.b.a.l.ConditionEvaluationReportLogger : 

Error starting ApplicationContext. To display the condition evaluation report re-run your application with 'debug' enabled.
2025-04-24T07:02:29.630-05:00 ERROR 5564 --- [powercine] [  restartedMain] o.s.b.d.LoggingFailureAnalysisReporter   : 

***************************
APPLICATION FAILED TO START
***************************

Description:

The bean 'clientRegistrationRepository', defined in class path resource [com/guille/media/reproductor/powercine/configuration/ProjectConfig.class], could not be registered. A bean with that name has already been defined in class path resource [com/guille/media/reproductor/powercine/configuration/Oauth2LoginConfig.class] and overriding is disabled.

Action:

Consider renaming one of the beans or enabling overriding by setting spring.main.allow-bean-definition-overriding=true

[INFO] ------------------------------------------------------------------------
[INFO] BUILD SUCCESS
[INFO] ------------------------------------------------------------------------
[INFO] Total time:  11.107 s
[INFO] Finished at: 2025-04-24T07:02:29-05:00
[INFO] ------------------------------------------------------------------------
